app/build/intermediates/manifest_merge_blame_file/release/processReleaseMainManifest/manifest-merger-blame-release-report.txt
1<?xml version="1.0" encoding="utf-8"?>
2<manifest xmlns:android="http://schemas.android.com/apk/res/android"
3    package="com.sugarcoachpremium"
4    android:versionCode="38"
5    android:versionName="1.3.0" >
6
7    <uses-sdk
8        android:minSdkVersion="24"
9        android:targetSdkVersion="34" />
10
11    <uses-feature
11-->src/main/AndroidManifest.xml:4:5-6:40
12        android:name="android.hardware.camera"
12-->src/main/AndroidManifest.xml:5:13-51
13        android:required="true" />
13-->src/main/AndroidManifest.xml:6:13-37
14
15    <uses-permission android:name="android.permission.INTERNET" />
15-->src/main/AndroidManifest.xml:8:5-67
15-->src/main/AndroidManifest.xml:8:22-64
16    <uses-permission android:name="android.permission.ACCESS_FINE_LOCATION" />
16-->src/main/AndroidManifest.xml:9:5-79
16-->src/main/AndroidManifest.xml:9:22-76
17    <uses-permission android:name="android.permission.ACCESS_COARSE_LOCATION" />
17-->src/main/AndroidManifest.xml:10:5-81
17-->src/main/AndroidManifest.xml:10:22-78
18    <uses-permission android:name="android.permission.READ_MEDIA_IMAGES" />
18-->src/main/AndroidManifest.xml:11:5-76
18-->src/main/AndroidManifest.xml:11:22-73
19    <uses-permission android:name="android.permission.WRITE_EXTERNAL_STORAGE" />
19-->src/main/AndroidManifest.xml:12:5-81
19-->src/main/AndroidManifest.xml:12:22-78
20    <uses-permission android:name="android.permission.ACCESS_NETWORK_STATE" />
20-->src/main/AndroidManifest.xml:13:5-79
20-->src/main/AndroidManifest.xml:13:22-76
21    <uses-permission android:name="android.permission.CAMERA" />
21-->src/main/AndroidManifest.xml:14:5-65
21-->src/main/AndroidManifest.xml:14:22-62
22    <uses-permission android:name="android.permission.POST_NOTIFICATIONS" />
22-->src/main/AndroidManifest.xml:15:5-77
22-->src/main/AndroidManifest.xml:15:22-74
23
24    <queries>
24-->src/main/AndroidManifest.xml:17:5-20:15
25        <provider android:authorities="com.facebook.katana.provider.PlatformProvider" />
25-->src/main/AndroidManifest.xml:18:9-89
25-->src/main/AndroidManifest.xml:18:19-86
26        <provider android:authorities="com.facebook.orca.provider.PlatformProvider" />
26-->src/main/AndroidManifest.xml:18:9-89
26-->src/main/AndroidManifest.xml:18:19-86
27
28        <package android:name="com.facebook.katana" />
28-->[com.facebook.android:facebook-common:17.0.1] AndroidManifest.xml:18:9-55
28-->[com.facebook.android:facebook-common:17.0.1] AndroidManifest.xml:18:18-52
29    </queries>
30
31    <uses-permission android:name="android.permission.VIBRATE" />
31-->[com.wdullaer:materialdatetimepicker:4.2.3] AndroidManifest.xml:26:5-66
31-->[com.wdullaer:materialdatetimepicker:4.2.3] AndroidManifest.xml:26:22-63
32    <uses-permission android:name="android.permission.WAKE_LOCK" />
32-->[com.google.android.gms:play-services-measurement:21.3.0] AndroidManifest.xml:25:5-68
32-->[com.google.android.gms:play-services-measurement:21.3.0] AndroidManifest.xml:25:22-65
33    <uses-permission android:name="com.google.android.finsky.permission.BIND_GET_INSTALL_REFERRER_SERVICE" />
33-->[com.google.android.gms:play-services-measurement:21.3.0] AndroidManifest.xml:26:5-110
33-->[com.google.android.gms:play-services-measurement:21.3.0] AndroidManifest.xml:26:22-107
34    <uses-permission android:name="com.google.android.gms.permission.AD_ID" />
34-->[com.google.android.gms:play-services-measurement-api:21.3.0] AndroidManifest.xml:25:5-79
34-->[com.google.android.gms:play-services-measurement-api:21.3.0] AndroidManifest.xml:25:22-76
35
36    <permission
36-->[androidx.core:core:1.10.1] AndroidManifest.xml:22:5-24:47
37        android:name="com.sugarcoachpremium.DYNAMIC_RECEIVER_NOT_EXPORTED_PERMISSION"
37-->[androidx.core:core:1.10.1] AndroidManifest.xml:23:9-81
38        android:protectionLevel="signature" />
38-->[androidx.core:core:1.10.1] AndroidManifest.xml:24:9-44
39
40    <uses-permission android:name="com.sugarcoachpremium.DYNAMIC_RECEIVER_NOT_EXPORTED_PERMISSION" />
40-->[androidx.core:core:1.10.1] AndroidManifest.xml:26:5-97
40-->[androidx.core:core:1.10.1] AndroidManifest.xml:26:22-94
41    <uses-permission android:name="android.permission.READ_EXTERNAL_STORAGE" />
42
43    <application
43-->src/main/AndroidManifest.xml:22:5-121:19
44        android:name="com.sugarcoachpremium.SugarApp"
44-->src/main/AndroidManifest.xml:23:13-37
45        android:allowBackup="true"
45-->src/main/AndroidManifest.xml:24:13-39
46        android:appComponentFactory="androidx.core.app.CoreComponentFactory"
46-->[androidx.core:core:1.10.1] AndroidManifest.xml:28:18-86
47        android:extractNativeLibs="false"
48        android:icon="@drawable/logo_b"
48-->src/main/AndroidManifest.xml:25:13-44
49        android:label="@string/app_name"
49-->src/main/AndroidManifest.xml:26:13-45
50        android:largeHeap="true"
50-->src/main/AndroidManifest.xml:27:13-37
51        android:networkSecurityConfig="@xml/network_security_config"
51-->src/main/AndroidManifest.xml:28:13-73
52        android:roundIcon="@mipmap/ic_launcher_round"
52-->src/main/AndroidManifest.xml:29:13-58
53        android:supportsRtl="true"
53-->src/main/AndroidManifest.xml:30:13-39
54        android:theme="@style/AppTheme" >
54-->src/main/AndroidManifest.xml:31:13-44
55        <activity
55-->src/main/AndroidManifest.xml:32:9-34:44
56            android:name="com.sugarcoachpremium.ui.table.view.TableActivity"
56-->src/main/AndroidManifest.xml:33:17-60
57            android:exported="false" />
57-->src/main/AndroidManifest.xml:34:17-41
58        <activity
58-->src/main/AndroidManifest.xml:35:9-44:20
59            android:name="com.sugarcoachpremium.ui.splash.view.SplashActivity"
59-->src/main/AndroidManifest.xml:36:17-62
60            android:exported="true" >
60-->src/main/AndroidManifest.xml:37:17-40
61            <intent-filter>
61-->src/main/AndroidManifest.xml:38:13-43:29
62                <action android:name="android.intent.action.MAIN" />
62-->src/main/AndroidManifest.xml:39:17-69
62-->src/main/AndroidManifest.xml:39:25-66
63                <action android:name="android.intent.action.VIEW" />
63-->src/main/AndroidManifest.xml:40:17-69
63-->src/main/AndroidManifest.xml:40:25-66
64
65                <category android:name="android.intent.category.LAUNCHER" />
65-->src/main/AndroidManifest.xml:42:17-77
65-->src/main/AndroidManifest.xml:42:27-74
66            </intent-filter>
67        </activity>
68        <activity
68-->src/main/AndroidManifest.xml:45:9-47:71
69            android:name="com.sugarcoachpremium.ui.main.view.MainActivity"
69-->src/main/AndroidManifest.xml:46:17-58
70            android:theme="@style/AppTheme.FullScreen" />
70-->src/main/AndroidManifest.xml:47:17-59
71        <activity
71-->src/main/AndroidManifest.xml:48:9-50:71
72            android:name="com.sugarcoachpremium.ui.register.view.RegisterActivity"
72-->src/main/AndroidManifest.xml:49:17-66
73            android:theme="@style/AppTheme.FullScreen" />
73-->src/main/AndroidManifest.xml:50:17-59
74        <activity
74-->src/main/AndroidManifest.xml:51:9-53:71
75            android:name="com.sugarcoachpremium.ui.treatment.view.TreatmentActivity"
75-->src/main/AndroidManifest.xml:52:17-68
76            android:theme="@style/AppTheme.FullScreen" />
76-->src/main/AndroidManifest.xml:53:17-59
77        <activity
77-->src/main/AndroidManifest.xml:54:9-56:71
78            android:name="com.sugarcoachpremium.ui.sign.view.SignActivity"
78-->src/main/AndroidManifest.xml:55:17-58
79            android:theme="@style/AppTheme.FullScreen" />
79-->src/main/AndroidManifest.xml:56:17-59
80        <activity
80-->src/main/AndroidManifest.xml:57:9-59:71
81            android:name="com.sugarcoachpremium.ui.login.view.LoginActivity"
81-->src/main/AndroidManifest.xml:58:17-60
82            android:theme="@style/AppTheme.FullScreen" />
82-->src/main/AndroidManifest.xml:59:17-59
83        <activity android:name="com.sugarcoachpremium.ui.onboarding.view.OnBoardingActivity" />
83-->src/main/AndroidManifest.xml:60:9-84
83-->src/main/AndroidManifest.xml:60:19-72
84        <activity
84-->src/main/AndroidManifest.xml:61:9-63:71
85            android:name="com.sugarcoachpremium.ui.signEmail.view.SignEmailActivity"
85-->src/main/AndroidManifest.xml:62:17-68
86            android:theme="@style/AppTheme.FullScreen" />
86-->src/main/AndroidManifest.xml:63:17-59
87        <activity
87-->src/main/AndroidManifest.xml:64:9-66:71
88            android:name="com.sugarcoachpremium.ui.daily.view.DailyActivity"
88-->src/main/AndroidManifest.xml:65:17-60
89            android:theme="@style/AppTheme.FullScreen" />
89-->src/main/AndroidManifest.xml:66:17-59
90        <activity
90-->src/main/AndroidManifest.xml:67:9-69:71
91            android:name="com.sugarcoachpremium.ui.daily_detail.view.DailyDetailActivity"
91-->src/main/AndroidManifest.xml:68:17-73
92            android:theme="@style/AppTheme.FullScreen" />
92-->src/main/AndroidManifest.xml:69:17-59
93        <activity
93-->src/main/AndroidManifest.xml:70:9-72:71
94            android:name="com.sugarcoachpremium.ui.profile.view.ProfileActivity"
94-->src/main/AndroidManifest.xml:71:17-64
95            android:theme="@style/AppTheme.FullScreen" />
95-->src/main/AndroidManifest.xml:72:17-59
96        <activity
96-->src/main/AndroidManifest.xml:73:9-75:71
97            android:name="com.sugarcoachpremium.ui.config.view.ConfigActivity"
97-->src/main/AndroidManifest.xml:74:17-62
98            android:theme="@style/AppTheme.FullScreen" />
98-->src/main/AndroidManifest.xml:75:17-59
99        <activity
99-->src/main/AndroidManifest.xml:76:9-78:71
100            android:name="com.sugarcoachpremium.ui.statistics.view.StatisticsActivity"
100-->src/main/AndroidManifest.xml:77:17-70
101            android:theme="@style/AppTheme.FullScreen" />
101-->src/main/AndroidManifest.xml:78:17-59
102        <activity
102-->src/main/AndroidManifest.xml:79:9-81:71
103            android:name="com.sugarcoachpremium.ui.forgot.view.ForgotActivity"
103-->src/main/AndroidManifest.xml:80:17-62
104            android:theme="@style/AppTheme.FullScreen" />
104-->src/main/AndroidManifest.xml:81:17-59
105        <activity
105-->src/main/AndroidManifest.xml:82:9-85:52
106            android:name="com.facebook.FacebookActivity"
106-->src/main/AndroidManifest.xml:83:17-61
107            android:configChanges="keyboard|keyboardHidden|screenLayout|screenSize|orientation"
107-->src/main/AndroidManifest.xml:84:17-100
108            android:label="@string/app_name"
108-->src/main/AndroidManifest.xml:85:17-49
109            android:theme="@style/com_facebook_activity_theme" />
109-->[com.facebook.android:facebook-common:17.0.1] AndroidManifest.xml:25:13-63
110        <activity
110-->src/main/AndroidManifest.xml:86:9-97:20
111            android:name="com.facebook.CustomTabActivity"
111-->src/main/AndroidManifest.xml:87:17-62
112            android:exported="true" >
112-->src/main/AndroidManifest.xml:88:17-40
113            <intent-filter>
113-->src/main/AndroidManifest.xml:89:13-96:29
114                <action android:name="android.intent.action.VIEW" />
114-->src/main/AndroidManifest.xml:40:17-69
114-->src/main/AndroidManifest.xml:40:25-66
115
116                <category android:name="android.intent.category.DEFAULT" />
116-->src/main/AndroidManifest.xml:92:17-76
116-->src/main/AndroidManifest.xml:92:27-73
117                <category android:name="android.intent.category.BROWSABLE" />
117-->src/main/AndroidManifest.xml:93:17-78
117-->src/main/AndroidManifest.xml:93:27-75
118
119                <data android:scheme="@string/fb_login_protocol_scheme" />
119-->src/main/AndroidManifest.xml:95:17-75
119-->src/main/AndroidManifest.xml:95:23-72
120            </intent-filter>
121            <intent-filter>
121-->[com.facebook.android:facebook-common:17.0.1] AndroidManifest.xml:31:13-40:29
122                <action android:name="android.intent.action.VIEW" />
122-->src/main/AndroidManifest.xml:40:17-69
122-->src/main/AndroidManifest.xml:40:25-66
123
124                <category android:name="android.intent.category.DEFAULT" />
124-->src/main/AndroidManifest.xml:92:17-76
124-->src/main/AndroidManifest.xml:92:27-73
125                <category android:name="android.intent.category.BROWSABLE" />
125-->src/main/AndroidManifest.xml:93:17-78
125-->src/main/AndroidManifest.xml:93:27-75
126
127                <data
127-->src/main/AndroidManifest.xml:95:17-75
128                    android:host="cct.com.sugarcoachpremium"
129                    android:scheme="fbconnect" />
129-->src/main/AndroidManifest.xml:95:23-72
130            </intent-filter>
131        </activity>
132
133        <meta-data
133-->src/main/AndroidManifest.xml:99:9-101:59
134            android:name="com.facebook.sdk.ApplicationId"
134-->src/main/AndroidManifest.xml:100:17-62
135            android:value="@string/facebook_app_id" />
135-->src/main/AndroidManifest.xml:101:17-56
136        <meta-data
136-->src/main/AndroidManifest.xml:102:9-104:65
137            android:name="com.facebook.sdk.ClientToken"
137-->src/main/AndroidManifest.xml:103:17-60
138            android:value="@string/facebook_client_token" />
138-->src/main/AndroidManifest.xml:104:17-62
139        <meta-data
139-->src/main/AndroidManifest.xml:105:9-107:40
140            android:name="com.facebook.sdk.AutoLogAppEventsEnabled"
140-->src/main/AndroidManifest.xml:106:17-72
141            android:value="true" />
141-->src/main/AndroidManifest.xml:107:17-37
142        <meta-data
142-->src/main/AndroidManifest.xml:108:9-110:40
143            android:name="com.facebook.sdk.AdvertiserIDCollectionEnabled"
143-->src/main/AndroidManifest.xml:109:17-78
144            android:value="true" />
144-->src/main/AndroidManifest.xml:110:17-37
145
146        <provider
147            android:name="com.sugarcoachpremium.util.GenericFileProvider"
147-->src/main/AndroidManifest.xml:113:17-57
148            android:authorities="com.sugarcoachpremium.provider"
148-->src/main/AndroidManifest.xml:114:17-64
149            android:exported="false"
149-->src/main/AndroidManifest.xml:115:17-41
150            android:grantUriPermissions="true" >
150-->src/main/AndroidManifest.xml:116:17-51
151            <meta-data
151-->src/main/AndroidManifest.xml:117:13-119:62
152                android:name="android.support.FILE_PROVIDER_PATHS"
152-->src/main/AndroidManifest.xml:118:21-71
153                android:resource="@xml/provider_paths" />
153-->src/main/AndroidManifest.xml:119:21-59
154        </provider>
155
156        <service
156-->[androidx.room:room-runtime:2.5.0] AndroidManifest.xml:24:9-28:63
157            android:name="androidx.room.MultiInstanceInvalidationService"
157-->[androidx.room:room-runtime:2.5.0] AndroidManifest.xml:25:13-74
158            android:directBootAware="true"
158-->[androidx.room:room-runtime:2.5.0] AndroidManifest.xml:26:13-43
159            android:exported="false" />
159-->[androidx.room:room-runtime:2.5.0] AndroidManifest.xml:27:13-37
160
161        <activity android:name="com.notbytes.barcode_reader.BarcodeReaderActivity" />
161-->[:barcode-reader] AndroidManifest.xml:12:9-86
161-->[:barcode-reader] AndroidManifest.xml:12:19-83
162        <activity android:name="com.facebook.CustomTabMainActivity" />
162-->[com.facebook.android:facebook-common:17.0.1] AndroidManifest.xml:26:9-71
162-->[com.facebook.android:facebook-common:17.0.1] AndroidManifest.xml:26:19-68
163        <activity
163-->[com.google.android.gms:play-services-auth:20.7.0] AndroidManifest.xml:23:9-27:75
164            android:name="com.google.android.gms.auth.api.signin.internal.SignInHubActivity"
164-->[com.google.android.gms:play-services-auth:20.7.0] AndroidManifest.xml:24:13-93
165            android:excludeFromRecents="true"
165-->[com.google.android.gms:play-services-auth:20.7.0] AndroidManifest.xml:25:13-46
166            android:exported="false"
166-->[com.google.android.gms:play-services-auth:20.7.0] AndroidManifest.xml:26:13-37
167            android:theme="@android:style/Theme.Translucent.NoTitleBar" />
167-->[com.google.android.gms:play-services-auth:20.7.0] AndroidManifest.xml:27:13-72
168        <!--
169            Service handling Google Sign-In user revocation. For apps that do not integrate with
170            Google Sign-In, this service will never be started.
171        -->
172        <service
172-->[com.google.android.gms:play-services-auth:20.7.0] AndroidManifest.xml:33:9-37:51
173            android:name="com.google.android.gms.auth.api.signin.RevocationBoundService"
173-->[com.google.android.gms:play-services-auth:20.7.0] AndroidManifest.xml:34:13-89
174            android:exported="true"
174-->[com.google.android.gms:play-services-auth:20.7.0] AndroidManifest.xml:35:13-36
175            android:permission="com.google.android.gms.auth.api.signin.permission.REVOCATION_NOTIFICATION"
175-->[com.google.android.gms:play-services-auth:20.7.0] AndroidManifest.xml:36:13-107
176            android:visibleToInstantApps="true" />
176-->[com.google.android.gms:play-services-auth:20.7.0] AndroidManifest.xml:37:13-48
177        <service
177-->[com.google.firebase:firebase-auth-ktx:22.1.2] AndroidManifest.xml:8:9-14:19
178            android:name="com.google.firebase.components.ComponentDiscoveryService"
178-->[com.google.firebase:firebase-auth-ktx:22.1.2] AndroidManifest.xml:9:13-84
179            android:directBootAware="true"
179-->[com.google.firebase:firebase-common:20.3.3] AndroidManifest.xml:34:13-43
180            android:exported="false" >
180-->[com.google.firebase:firebase-auth-ktx:22.1.2] AndroidManifest.xml:10:13-37
181            <meta-data
181-->[com.google.firebase:firebase-auth-ktx:22.1.2] AndroidManifest.xml:11:13-13:85
182                android:name="com.google.firebase.components:com.google.firebase.auth.ktx.FirebaseAuthKtxRegistrar"
182-->[com.google.firebase:firebase-auth-ktx:22.1.2] AndroidManifest.xml:12:17-116
183                android:value="com.google.firebase.components.ComponentRegistrar" />
183-->[com.google.firebase:firebase-auth-ktx:22.1.2] AndroidManifest.xml:13:17-82
184            <meta-data
184-->[com.google.firebase:firebase-auth:22.1.2] AndroidManifest.xml:69:13-71:85
185                android:name="com.google.firebase.components:com.google.firebase.auth.FirebaseAuthRegistrar"
185-->[com.google.firebase:firebase-auth:22.1.2] AndroidManifest.xml:70:17-109
186                android:value="com.google.firebase.components.ComponentRegistrar" />
186-->[com.google.firebase:firebase-auth:22.1.2] AndroidManifest.xml:71:17-82
187            <meta-data
187-->[com.google.android.gms:play-services-measurement-api:21.3.0] AndroidManifest.xml:31:13-33:85
188                android:name="com.google.firebase.components:com.google.firebase.analytics.connector.internal.AnalyticsConnectorRegistrar"
188-->[com.google.android.gms:play-services-measurement-api:21.3.0] AndroidManifest.xml:32:17-139
189                android:value="com.google.firebase.components.ComponentRegistrar" />
189-->[com.google.android.gms:play-services-measurement-api:21.3.0] AndroidManifest.xml:33:17-82
190            <meta-data
190-->[com.google.firebase:firebase-common-ktx:20.3.3] AndroidManifest.xml:14:13-16:85
191                android:name="com.google.firebase.components:com.google.firebase.ktx.FirebaseCommonKtxRegistrar"
191-->[com.google.firebase:firebase-common-ktx:20.3.3] AndroidManifest.xml:15:17-113
192                android:value="com.google.firebase.components.ComponentRegistrar" />
192-->[com.google.firebase:firebase-common-ktx:20.3.3] AndroidManifest.xml:16:17-82
193            <meta-data
193-->[com.google.firebase:firebase-installations:17.1.4] AndroidManifest.xml:15:13-17:85
194                android:name="com.google.firebase.components:com.google.firebase.installations.FirebaseInstallationsRegistrar"
194-->[com.google.firebase:firebase-installations:17.1.4] AndroidManifest.xml:16:17-127
195                android:value="com.google.firebase.components.ComponentRegistrar" />
195-->[com.google.firebase:firebase-installations:17.1.4] AndroidManifest.xml:17:17-82
196        </service>
197
198        <activity
198-->[com.google.firebase:firebase-auth:22.1.2] AndroidManifest.xml:29:9-46:20
199            android:name="com.google.firebase.auth.internal.GenericIdpActivity"
199-->[com.google.firebase:firebase-auth:22.1.2] AndroidManifest.xml:30:13-80
200            android:excludeFromRecents="true"
200-->[com.google.firebase:firebase-auth:22.1.2] AndroidManifest.xml:31:13-46
201            android:exported="true"
201-->[com.google.firebase:firebase-auth:22.1.2] AndroidManifest.xml:32:13-36
202            android:launchMode="singleTask"
202-->[com.google.firebase:firebase-auth:22.1.2] AndroidManifest.xml:33:13-44
203            android:theme="@android:style/Theme.Translucent.NoTitleBar" >
203-->[com.google.firebase:firebase-auth:22.1.2] AndroidManifest.xml:34:13-72
204            <intent-filter>
204-->[com.google.firebase:firebase-auth:22.1.2] AndroidManifest.xml:35:13-45:29
205                <action android:name="android.intent.action.VIEW" />
205-->src/main/AndroidManifest.xml:40:17-69
205-->src/main/AndroidManifest.xml:40:25-66
206
207                <category android:name="android.intent.category.DEFAULT" />
207-->src/main/AndroidManifest.xml:92:17-76
207-->src/main/AndroidManifest.xml:92:27-73
208                <category android:name="android.intent.category.BROWSABLE" />
208-->src/main/AndroidManifest.xml:93:17-78
208-->src/main/AndroidManifest.xml:93:27-75
209
210                <data
210-->src/main/AndroidManifest.xml:95:17-75
211                    android:host="firebase.auth"
212                    android:path="/"
213                    android:scheme="genericidp" />
213-->src/main/AndroidManifest.xml:95:23-72
214            </intent-filter>
215        </activity>
216        <activity
216-->[com.google.firebase:firebase-auth:22.1.2] AndroidManifest.xml:47:9-64:20
217            android:name="com.google.firebase.auth.internal.RecaptchaActivity"
217-->[com.google.firebase:firebase-auth:22.1.2] AndroidManifest.xml:48:13-79
218            android:excludeFromRecents="true"
218-->[com.google.firebase:firebase-auth:22.1.2] AndroidManifest.xml:49:13-46
219            android:exported="true"
219-->[com.google.firebase:firebase-auth:22.1.2] AndroidManifest.xml:50:13-36
220            android:launchMode="singleTask"
220-->[com.google.firebase:firebase-auth:22.1.2] AndroidManifest.xml:51:13-44
221            android:theme="@android:style/Theme.Translucent.NoTitleBar" >
221-->[com.google.firebase:firebase-auth:22.1.2] AndroidManifest.xml:52:13-72
222            <intent-filter>
222-->[com.google.firebase:firebase-auth:22.1.2] AndroidManifest.xml:53:13-63:29
223                <action android:name="android.intent.action.VIEW" />
223-->src/main/AndroidManifest.xml:40:17-69
223-->src/main/AndroidManifest.xml:40:25-66
224
225                <category android:name="android.intent.category.DEFAULT" />
225-->src/main/AndroidManifest.xml:92:17-76
225-->src/main/AndroidManifest.xml:92:27-73
226                <category android:name="android.intent.category.BROWSABLE" />
226-->src/main/AndroidManifest.xml:93:17-78
226-->src/main/AndroidManifest.xml:93:27-75
227
228                <data
228-->src/main/AndroidManifest.xml:95:17-75
229                    android:host="firebase.auth"
230                    android:path="/"
231                    android:scheme="recaptcha" />
231-->src/main/AndroidManifest.xml:95:23-72
232            </intent-filter>
233        </activity>
234        <activity
234-->[com.google.android.gms:play-services-base:18.0.1] AndroidManifest.xml:20:9-22:45
235            android:name="com.google.android.gms.common.api.GoogleApiActivity"
235-->[com.google.android.gms:play-services-base:18.0.1] AndroidManifest.xml:20:19-85
236            android:exported="false"
236-->[com.google.android.gms:play-services-base:18.0.1] AndroidManifest.xml:22:19-43
237            android:theme="@android:style/Theme.Translucent.NoTitleBar" />
237-->[com.google.android.gms:play-services-base:18.0.1] AndroidManifest.xml:21:19-78
238
239        <receiver
239-->[com.google.android.gms:play-services-measurement:21.3.0] AndroidManifest.xml:29:9-33:20
240            android:name="com.google.android.gms.measurement.AppMeasurementReceiver"
240-->[com.google.android.gms:play-services-measurement:21.3.0] AndroidManifest.xml:30:13-85
241            android:enabled="true"
241-->[com.google.android.gms:play-services-measurement:21.3.0] AndroidManifest.xml:31:13-35
242            android:exported="false" >
242-->[com.google.android.gms:play-services-measurement:21.3.0] AndroidManifest.xml:32:13-37
243        </receiver>
244
245        <service
245-->[com.google.android.gms:play-services-measurement:21.3.0] AndroidManifest.xml:35:9-38:40
246            android:name="com.google.android.gms.measurement.AppMeasurementService"
246-->[com.google.android.gms:play-services-measurement:21.3.0] AndroidManifest.xml:36:13-84
247            android:enabled="true"
247-->[com.google.android.gms:play-services-measurement:21.3.0] AndroidManifest.xml:37:13-35
248            android:exported="false" />
248-->[com.google.android.gms:play-services-measurement:21.3.0] AndroidManifest.xml:38:13-37
249        <service
249-->[com.google.android.gms:play-services-measurement:21.3.0] AndroidManifest.xml:39:9-43:72
250            android:name="com.google.android.gms.measurement.AppMeasurementJobService"
250-->[com.google.android.gms:play-services-measurement:21.3.0] AndroidManifest.xml:40:13-87
251            android:enabled="true"
251-->[com.google.android.gms:play-services-measurement:21.3.0] AndroidManifest.xml:41:13-35
252            android:exported="false"
252-->[com.google.android.gms:play-services-measurement:21.3.0] AndroidManifest.xml:42:13-37
253            android:permission="android.permission.BIND_JOB_SERVICE" />
253-->[com.google.android.gms:play-services-measurement:21.3.0] AndroidManifest.xml:43:13-69
254
255        <provider
255-->[com.google.firebase:firebase-common:20.3.3] AndroidManifest.xml:25:9-30:39
256            android:name="com.google.firebase.provider.FirebaseInitProvider"
256-->[com.google.firebase:firebase-common:20.3.3] AndroidManifest.xml:26:13-77
257            android:authorities="com.sugarcoachpremium.firebaseinitprovider"
257-->[com.google.firebase:firebase-common:20.3.3] AndroidManifest.xml:27:13-72
258            android:directBootAware="true"
258-->[com.google.firebase:firebase-common:20.3.3] AndroidManifest.xml:28:13-43
259            android:exported="false"
259-->[com.google.firebase:firebase-common:20.3.3] AndroidManifest.xml:29:13-37
260            android:initOrder="100" />
260-->[com.google.firebase:firebase-common:20.3.3] AndroidManifest.xml:30:13-36
261
262        <meta-data
262-->[com.google.android.gms:play-services-basement:18.2.0] AndroidManifest.xml:21:9-23:69
263            android:name="com.google.android.gms.version"
263-->[com.google.android.gms:play-services-basement:18.2.0] AndroidManifest.xml:22:13-58
264            android:value="@integer/google_play_services_version" />
264-->[com.google.android.gms:play-services-basement:18.2.0] AndroidManifest.xml:23:13-66
265        <!--
266         The initialization ContentProvider will call FacebookSdk.sdkInitialize automatically
267         with the application context. This config is merged in with the host app's manifest,
268         but there can only be one provider with the same authority activated at any given
269         point; so if the end user has two or more different apps that use Facebook SDK, only the
270         first one will be able to use the provider. To work around this problem, we use the
271         following placeholder in the authority to identify each host application as if it was
272         a completely different provider.
273        -->
274        <provider
274-->[com.facebook.android:facebook-core:17.0.1] AndroidManifest.xml:29:9-32:40
275            android:name="com.facebook.internal.FacebookInitProvider"
275-->[com.facebook.android:facebook-core:17.0.1] AndroidManifest.xml:30:13-70
276            android:authorities="com.sugarcoachpremium.FacebookInitProvider"
276-->[com.facebook.android:facebook-core:17.0.1] AndroidManifest.xml:31:13-72
277            android:exported="false" />
277-->[com.facebook.android:facebook-core:17.0.1] AndroidManifest.xml:32:13-37
278
279        <receiver
279-->[com.facebook.android:facebook-core:17.0.1] AndroidManifest.xml:34:9-40:20
280            android:name="com.facebook.CurrentAccessTokenExpirationBroadcastReceiver"
280-->[com.facebook.android:facebook-core:17.0.1] AndroidManifest.xml:35:13-86
281            android:exported="false" >
281-->[com.facebook.android:facebook-core:17.0.1] AndroidManifest.xml:36:13-37
282            <intent-filter>
282-->[com.facebook.android:facebook-core:17.0.1] AndroidManifest.xml:37:13-39:29
283                <action android:name="com.facebook.sdk.ACTION_CURRENT_ACCESS_TOKEN_CHANGED" />
283-->[com.facebook.android:facebook-core:17.0.1] AndroidManifest.xml:38:17-95
283-->[com.facebook.android:facebook-core:17.0.1] AndroidManifest.xml:38:25-92
284            </intent-filter>
285        </receiver>
286        <receiver
286-->[com.facebook.android:facebook-core:17.0.1] AndroidManifest.xml:41:9-47:20
287            android:name="com.facebook.AuthenticationTokenManager$CurrentAuthenticationTokenChangedBroadcastReceiver"
287-->[com.facebook.android:facebook-core:17.0.1] AndroidManifest.xml:42:13-118
288            android:exported="false" >
288-->[com.facebook.android:facebook-core:17.0.1] AndroidManifest.xml:43:13-37
289            <intent-filter>
289-->[com.facebook.android:facebook-core:17.0.1] AndroidManifest.xml:44:13-46:29
290                <action android:name="com.facebook.sdk.ACTION_CURRENT_AUTHENTICATION_TOKEN_CHANGED" />
290-->[com.facebook.android:facebook-core:17.0.1] AndroidManifest.xml:45:17-103